<?xml version="1.0" encoding="UTF-8"?>
<!-- Generated by org.testng.reporters.JUnitReportReporter -->
<testsuite hostname="Vipinjits-Air" failures="0" tests="1" name="seleniumpracticing.SeleniumAuto" time="64.169" errors="0" timestamp="2022-10-22T18:39:48 IST" skipped="0">
  <testcase classname="seleniumpracticing.SeleniumAuto" name="login" time="64.169"/>
  <system-out/>
</testsuite> <!-- seleniumpracticing.SeleniumAuto -->
